QuizSQLite/app/build/intermediates/manifest_merge_blame_file/debug/manifest-merger-blame-debug-report.txt
1<?xml version="1.0" encoding="utf-8"?>
2<manifest xmlns:android="http://schemas.android.com/apk/res/android"
3    package="com.yahya.quizsqlite"
4    android:versionCode="1"
5    android:versionName="1.0" >
6
7    <uses-sdk
8        android:minSdkVersion="21"
8-->src\main\AndroidManifest.xml
9        android:targetSdkVersion="28" />
9-->src\main\AndroidManifest.xml
10
11    <application
11-->src\main\AndroidManifest.xml:5:5-28:19
12        android:allowBackup="true"
12-->src\main\AndroidManifest.xml:6:9-35
13        android:appComponentFactory="android.support.v4.app.CoreComponentFactory"
13-->[com.android.support:support-compat:28.0.0] AndroidManifest.xml:22:18-91
14        android:debuggable="true"
15        android:icon="@mipmap/ic_launcher"
15-->src\main\AndroidManifest.xml:7:9-43
16        android:label="@string/app_name"
16-->src\main\AndroidManifest.xml:8:9-41
17        android:roundIcon="@mipmap/ic_launcher_round"
17-->src\main\AndroidManifest.xml:9:9-54
18        android:supportsRtl="true"
18-->src\main\AndroidManifest.xml:10:9-35
19        android:theme="@style/AppTheme" >
19-->src\main\AndroidManifest.xml:11:9-40
20        <activity android:name="com.yahya.quizsqlite.ProfileActivity" />
20-->src\main\AndroidManifest.xml:12:9-62
20-->src\main\AndroidManifest.xml:12:19-50
21        <activity android:name="com.yahya.quizsqlite.MenuActivity" />
21-->src\main\AndroidManifest.xml:13:9-50
21-->src\main\AndroidManifest.xml:13:19-47
22        <activity android:name="com.yahya.quizsqlite.LoginActivity" />
22-->src\main\AndroidManifest.xml:14:9-51
22-->src\main\AndroidManifest.xml:14:19-48
23        <activity android:name="com.yahya.quizsqlite.DaftarActivity" />
23-->src\main\AndroidManifest.xml:15:9-52
23-->src\main\AndroidManifest.xml:15:19-49
24        <activity android:name="com.yahya.quizsqlite.DashboardActivity" />
24-->src\main\AndroidManifest.xml:16:9-55
24-->src\main\AndroidManifest.xml:16:19-52
25        <activity android:name="com.yahya.quizsqlite.SplashActivity" >
25-->src\main\AndroidManifest.xml:17:9-23:20
25-->src\main\AndroidManifest.xml:17:19-49
26            <intent-filter>
26-->src\main\AndroidManifest.xml:18:13-22:29
27                <action android:name="android.intent.action.MAIN" />
27-->src\main\AndroidManifest.xml:19:17-69
27-->src\main\AndroidManifest.xml:19:25-66
28
29                <category android:name="android.intent.category.LAUNCHER" />
29-->src\main\AndroidManifest.xml:21:17-77
29-->src\main\AndroidManifest.xml:21:27-74
30            </intent-filter>
31        </activity>
32        <activity
32-->src\main\AndroidManifest.xml:24:9-27:74
33            android:name="com.yahya.quizsqlite.QuestionActivity"
33-->src\main\AndroidManifest.xml:25:13-45
34            android:parentActivityName="com.yahya.quizsqlite.SplashActivity"
34-->src\main\AndroidManifest.xml:26:13-57
35            android:theme="@style/Theme.AppCompat.Light.DarkActionBar" />
35-->src\main\AndroidManifest.xml:27:13-71
36    </application>
37
38</manifest>